<?xml version="1.0" encoding="UTF-8"?>
<testsuite name="assign1.PerfectNumberCheckerTest" tests="5" skipped="0" failures="0" errors="0" timestamp="2022-09-11T20:40:55" hostname="Phus-MBP.attlocal.net" time="0.014">
  <properties/>
  <testcase name="canary()" classname="assign1.PerfectNumberCheckerTest" time="0.007"/>
  <testcase name="sumOfFactor6()" classname="assign1.PerfectNumberCheckerTest" time="0.001"/>
  <testcase name="isPerfect6()" classname="assign1.PerfectNumberCheckerTest" time="0.002"/>
  <testcase name="sumOfFactors50()" classname="assign1.PerfectNumberCheckerTest" time="0.0"/>
  <testcase name="isPerfect50()" classname="assign1.PerfectNumberCheckerTest" time="0.0"/>
  <system-out><![CDATA[]]></system-out>
  <system-err><![CDATA[]]></system-err>
</testsuite>
